<?xml version="1.0" encoding="UTF-8"?>
<!-- Generated by org.testng.reporters.JUnitXMLReporter -->
<testsuite ignored="0" hostname="ociddfl1systemT" failures="1" tests="1" name="Test" time="87.604" errors="0" timestamp="2021-04-28T08:33:36 GMT">
  <testcase classname="cucumber.api.testng.AbstractTestNGCucumberTests" name="feature" time="85.693">
    <failure type="cucumber.runtime.CucumberException" message="java.lang.AssertionError: no such element: Unable to locate element: {&amp;quot;method&amp;quot;:&amp;quot;xpath&amp;quot;,&amp;quot;selector&amp;quot;:&amp;quot;(//label[contains(text() , &amp;apos;DO Detail - Distribution Order&amp;apos;)]//following::span[text()=&amp;apos;Close&amp;apos;])[1]&amp;quot;}
  (Session info: chrome=90.0.4430.85)
For documentation on this error, please visit: https://www.seleniumhq.org/exceptions/no_such_element.html
Build info: version: &amp;apos;3.141.59&amp;apos;, revision: &amp;apos;e82be7d358&amp;apos;, time: &amp;apos;2018-11-14T08:17:03&amp;apos;
System info: host: &amp;apos;OCIDDFL1SYSTEMT&amp;apos;, ip: &amp;apos;10.60.27.234&amp;apos;, os.name: &amp;apos;Windows Server 2016&amp;apos;, os.arch: &amp;apos;amd64&amp;apos;, os.version: &amp;apos;10.0&amp;apos;, java.version: &amp;apos;14.0.1&amp;apos;
Driver info: org.openqa.selenium.remote.RemoteWebDriver
Capabilities {acceptInsecureCerts: false, browserName: chrome, browserVersion: 90.0.4430.85, chrome: {chromedriverVersion: 90.0.4430.24 (4c6d850f087da..., userDataDir: /tmp/.com.google.Chrome.CXaYJy}, goog:chromeOptions: {debuggerAddress: localhost:33315}, javascriptEnabled: true, networkConnectionEnabled: false, pageLoadStrategy: normal, platform: LINUX, platformName: LINUX, proxy: Proxy(), setWindowRect: true, strictFileInteractability: false, timeouts: {implicit: 0, pageLoad: 300000, script: 30000}, unhandledPromptBehavior: dismiss and notify, webauthn:extension:largeBlob: true, webauthn:virtualAuthenticators: true, webdriver.remote.sessionid: 83a597cac80d4313f6a6e9edde1...}
Session ID: 83a597cac80d4313f6a6e9edde1280b9
*** Element info: {Using=xpath, value=(//label[contains(text() , &amp;apos;DO Detail - Distribution Order&amp;apos;)]//following::span[text()=&amp;apos;Close&amp;apos;])[1]} expected [true] but found [false]">
      <![CDATA[cucumber.runtime.CucumberException: java.lang.AssertionError: no such element: Unable to locate element: {"method":"xpath","selector":"(//label[contains(text() , 'DO Detail - Distribution Order')]//following::span[text()='Close'])[1]"}
  (Session info: chrome=90.0.4430.85)
For documentation on this error, please visit: https://www.seleniumhq.org/exceptions/no_such_element.html
Build info: version: '3.141.59', revision: 'e82be7d358', time: '2018-11-14T08:17:03'
System info: host: 'OCIDDFL1SYSTEMT', ip: '10.60.27.234', os.name: 'Windows Server 2016', os.arch: 'amd64', os.version: '10.0', java.version: '14.0.1'
Driver info: org.openqa.selenium.remote.RemoteWebDriver
Capabilities {acceptInsecureCerts: false, browserName: chrome, browserVersion: 90.0.4430.85, chrome: {chromedriverVersion: 90.0.4430.24 (4c6d850f087da..., userDataDir: /tmp/.com.google.Chrome.CXaYJy}, goog:chromeOptions: {debuggerAddress: localhost:33315}, javascriptEnabled: true, networkConnectionEnabled: false, pageLoadStrategy: normal, platform: LINUX, platformName: LINUX, proxy: Proxy(), setWindowRect: true, strictFileInteractability: false, timeouts: {implicit: 0, pageLoad: 300000, script: 30000}, unhandledPromptBehavior: dismiss and notify, webauthn:extension:largeBlob: true, webauthn:virtualAuthenticators: true, webdriver.remote.sessionid: 83a597cac80d4313f6a6e9edde1...}
Session ID: 83a597cac80d4313f6a6e9edde1280b9
*** Element info: {Using=xpath, value=(//label[contains(text() , 'DO Detail - Distribution Order')]//following::span[text()='Close'])[1]} expected [true] but found [false]
at cucumber.api.testng.TestNGCucumberRunner.runCucumber(TestNGCucumberRunner.java:69)
at cucumber.api.testng.AbstractTestNGCucumberTests.feature(AbstractTestNGCucumberTests.java:21)
at java.base/java.util.ArrayList.forEach(ArrayList.java:1510)
Caused by: java.lang.AssertionError: no such element: Unable to locate element: {"method":"xpath","selector":"(//label[contains(text() , 'DO Detail - Distribution Order')]//following::span[text()='Close'])[1]"}
  (Session info: chrome=90.0.4430.85)
For documentation on this error, please visit: https://www.seleniumhq.org/exceptions/no_such_element.html
Build info: version: '3.141.59', revision: 'e82be7d358', time: '2018-11-14T08:17:03'
System info: host: 'OCIDDFL1SYSTEMT', ip: '10.60.27.234', os.name: 'Windows Server 2016', os.arch: 'amd64', os.version: '10.0', java.version: '14.0.1'
Driver info: org.openqa.selenium.remote.RemoteWebDriver
Capabilities {acceptInsecureCerts: false, browserName: chrome, browserVersion: 90.0.4430.85, chrome: {chromedriverVersion: 90.0.4430.24 (4c6d850f087da..., userDataDir: /tmp/.com.google.Chrome.CXaYJy}, goog:chromeOptions: {debuggerAddress: localhost:33315}, javascriptEnabled: true, networkConnectionEnabled: false, pageLoadStrategy: normal, platform: LINUX, platformName: LINUX, proxy: Proxy(), setWindowRect: true, strictFileInteractability: false, timeouts: {implicit: 0, pageLoad: 300000, script: 30000}, unhandledPromptBehavior: dismiss and notify, webauthn:extension:largeBlob: true, webauthn:virtualAuthenticators: true, webdriver.remote.sessionid: 83a597cac80d4313f6a6e9edde1...}
Session ID: 83a597cac80d4313f6a6e9edde1280b9
*** Element info: {Using=xpath, value=(//label[contains(text() , 'DO Detail - Distribution Order')]//following::span[text()='Close'])[1]} expected [true] but found [false]
at StepDefinition.StepDefOutBound.user_verifies_the_item_details_in_Distribuion_Order_page(StepDefOutBound.java:196)
at ✽.Then user verifies the item details in Distribuion Order page(QSCOutboundScenarios.feature:27)
... Removed 30 stack frames]]>
    </failure>
  </testcase> <!-- feature -->
</testsuite> <!-- Test -->
