<?xml version="1.0" encoding="UTF-8"?>
<!-- Generated by org.testng.reporters.JUnitXMLReporter -->
<testsuite ignored="0" hostname="ociddfl1systemT" failures="1" tests="1" name="Test" time="2313.483" errors="0" timestamp="2021-06-07T12:11:51 GMT">
  <testcase classname="cucumber.api.testng.AbstractTestNGCucumberTests" name="feature" time="2310.056">
    <failure type="cucumber.runtime.CucumberException" message="java.lang.AssertionError: expected [606] but found [] expected [true] but found [false]">
      <![CDATA[cucumber.runtime.CucumberException: java.lang.AssertionError: expected [606] but found [] expected [true] but found [false]
at cucumber.api.testng.TestNGCucumberRunner.runCucumber(TestNGCucumberRunner.java:69)
at cucumber.api.testng.AbstractTestNGCucumberTests.feature(AbstractTestNGCucumberTests.java:21)
at java.base/java.util.ArrayList.forEach(ArrayList.java:1510)
Caused by: java.lang.AssertionError: expected [606] but found [] expected [true] but found [false]
at utils.SeleniumTestHelper.fail(SeleniumTestHelper.java:606)
at utils.SeleniumTestHelper.assertEquals(SeleniumTestHelper.java:580)
at pages.PixTransactionPage.checkForPixTransaction(PixTransactionPage.java:232)
at StepDefinition.StepDefInBound.validate_PIX_transactions(StepDefInBound.java:856)
at ✽.And validates the PIX message "606 - Un-allocable inventory adjustments"(QSCInboundScenarios.feature:730)
... Removed 30 stack frames]]>
    </failure>
  </testcase> <!-- feature -->
</testsuite> <!-- Test -->
