<?xml version="1.0" encoding="UTF-8"?>
<testng-results skipped="0" failed="0" ignored="0" total="1" passed="1">
  <reporter-output>
  </reporter-output>
  <suite name="Suite" duration-ms="39925" started-at="2020-02-11T06:05:08Z" finished-at="2020-02-11T06:05:48Z">
    <groups>
      <group name="cucumber">
        <method signature="AbstractTestNGCucumberTests.feature(cucumber.api.testng.CucumberFeatureWrapper)[pri:0, instance:TestRunner.Runner@6fb554cc]" name="feature" class="cucumber.api.testng.AbstractTestNGCucumberTests"/>
      </group> <!-- cucumber -->
    </groups>
    <test name="Test" duration-ms="39925" started-at="2020-02-11T06:05:08Z" finished-at="2020-02-11T06:05:48Z">
      <class name="TestRunner.Runner">
        <test-method status="PASS" signature="createExtentReport()[pri:0, instance:TestRunner.Runner@6fb554cc]" name="createExtentReport" is-config="true" duration-ms="47" started-at="2020-02-11T06:05:08Z" finished-at="2020-02-11T06:05:08Z">
          <reporter-output>
          </reporter-output>
        </test-method> <!-- createExtentReport -->
        <test-method status="PASS" signature="setUpClass()[pri:0, instance:TestRunner.Runner@6fb554cc]" name="setUpClass" is-config="true" duration-ms="547" started-at="2020-02-11T06:05:08Z" finished-at="2020-02-11T06:05:09Z">
          <reporter-output>
          </reporter-output>
        </test-method> <!-- setUpClass -->
        <test-method status="PASS" signature="feature(cucumber.api.testng.CucumberFeatureWrapper)[pri:0, instance:TestRunner.Runner@6fb554cc]" name="feature" duration-ms="38644" started-at="2020-02-11T06:05:09Z" description="Runs Cucumber Feature" data-provider="features" finished-at="2020-02-11T06:05:48Z">
          <params>
            <param index="0">
              <value>
                <![CDATA[Execute Selenium Scripts from LeanFT Tool]]>
              </value>
            </param>
          </params>
          <reporter-output>
          </reporter-output>
        </test-method> <!-- feature -->
        <test-method status="PASS" signature="tearDownClass()[pri:0, instance:TestRunner.Runner@6fb554cc]" name="tearDownClass" is-config="true" duration-ms="593" started-at="2020-02-11T06:05:48Z" finished-at="2020-02-11T06:05:48Z">
          <reporter-output>
          </reporter-output>
        </test-method> <!-- tearDownClass -->
        <test-method status="PASS" signature="writeExtentReport()[pri:0, instance:TestRunner.Runner@6fb554cc]" name="writeExtentReport" is-config="true" duration-ms="0" started-at="2020-02-11T06:05:48Z" finished-at="2020-02-11T06:05:48Z">
          <reporter-output>
          </reporter-output>
        </test-method> <!-- writeExtentReport -->
      </class> <!-- TestRunner.Runner -->
    </test> <!-- Test -->
  </suite> <!-- Suite -->
</testng-results>
