<?xml version="1.0" encoding="UTF-8"?>
<testng-results skipped="0" failed="0" ignored="0" total="1" passed="1">
  <reporter-output>
  </reporter-output>
  <suite name="Suite" duration-ms="39579" started-at="2020-02-04T09:46:12Z" finished-at="2020-02-04T09:46:52Z">
    <groups>
      <group name="cucumber">
        <method signature="AbstractTestNGCucumberTests.feature(cucumber.api.testng.CucumberFeatureWrapper)[pri:0, instance:TestRunner.Runner@614c5515]" name="feature" class="cucumber.api.testng.AbstractTestNGCucumberTests"/>
      </group> <!-- cucumber -->
    </groups>
    <test name="Test" duration-ms="39579" started-at="2020-02-04T09:46:12Z" finished-at="2020-02-04T09:46:52Z">
      <class name="TestRunner.Runner">
        <test-method status="PASS" signature="setUpClass()[pri:0, instance:TestRunner.Runner@614c5515]" name="setUpClass" is-config="true" duration-ms="484" started-at="2020-02-04T09:46:12Z" finished-at="2020-02-04T09:46:13Z">
          <reporter-output>
          </reporter-output>
        </test-method> <!-- setUpClass -->
        <test-method status="PASS" signature="feature(cucumber.api.testng.CucumberFeatureWrapper)[pri:0, instance:TestRunner.Runner@614c5515]" name="feature" duration-ms="38502" started-at="2020-02-04T09:46:13Z" description="Runs Cucumber Feature" data-provider="features" finished-at="2020-02-04T09:46:51Z">
          <params>
            <param index="0">
              <value>
                <![CDATA[Execute Selenium Scripts from LeanFT Tool]]>
              </value>
            </param>
          </params>
          <reporter-output>
          </reporter-output>
        </test-method> <!-- feature -->
        <test-method status="PASS" signature="writeExtentReport()[pri:0, instance:TestRunner.Runner@614c5515]" name="writeExtentReport" is-config="true" duration-ms="16" started-at="2020-02-04T09:46:51Z" finished-at="2020-02-04T09:46:51Z">
          <reporter-output>
          </reporter-output>
        </test-method> <!-- writeExtentReport -->
        <test-method status="PASS" signature="tearDownClass()[pri:0, instance:TestRunner.Runner@614c5515]" name="tearDownClass" is-config="true" duration-ms="483" started-at="2020-02-04T09:46:51Z" finished-at="2020-02-04T09:46:52Z">
          <reporter-output>
          </reporter-output>
        </test-method> <!-- tearDownClass -->
      </class> <!-- TestRunner.Runner -->
    </test> <!-- Test -->
  </suite> <!-- Suite -->
</testng-results>
