<?xml version="1.0" encoding="UTF-8"?>
<testng-results ignored="0" total="1" passed="1" failed="0" skipped="0">
  <reporter-output>
    <line>
      <![CDATA[Execution started for : Bulk Putaway]]>
    </line>
  </reporter-output>
  <suite started-at="2021-07-23T12:25:12 GMT" name="Suite" finished-at="2021-07-23T12:30:35 GMT" duration-ms="323119">
    <groups>
      <group name="cucumber">
        <method signature="AbstractTestNGCucumberTests.feature(cucumber.api.testng.CucumberFeatureWrapper)[pri:0, instance:TestRunner.Runner@4c9f8c13]" name="feature" class="cucumber.api.testng.AbstractTestNGCucumberTests"/>
      </group> <!-- cucumber -->
    </groups>
    <test started-at="2021-07-23T12:25:12 GMT" name="Test" finished-at="2021-07-23T12:30:35 GMT" duration-ms="323119">
      <class name="TestRunner.Runner">
        <test-method is-config="true" signature="createExtentReport()[pri:0, instance:TestRunner.Runner@4c9f8c13]" started-at="2021-07-23T12:25:12 GMT" name="createExtentReport" finished-at="2021-07-23T12:25:12 GMT" duration-ms="147" status="PASS">
          <reporter-output>
          </reporter-output>
        </test-method> <!-- createExtentReport -->
        <test-method is-config="true" signature="setUpClass()[pri:0, instance:TestRunner.Runner@4c9f8c13]" started-at="2021-07-23T12:25:12 GMT" name="setUpClass" finished-at="2021-07-23T12:25:19 GMT" duration-ms="6209" status="PASS">
          <reporter-output>
          </reporter-output>
        </test-method> <!-- setUpClass -->
        <test-method signature="feature(cucumber.api.testng.CucumberFeatureWrapper)[pri:0, instance:TestRunner.Runner@4c9f8c13]" started-at="2021-07-23T12:25:19 GMT" name="feature" description="Runs Cucumber Feature" data-provider="features" finished-at="2021-07-23T12:30:35 GMT" duration-ms="315549" status="PASS">
          <params>
            <param index="0">
              <value>
                <![CDATA[QSC Inbound Scenarios]]>
              </value>
            </param>
          </params>
          <reporter-output>
            <line>
              <![CDATA[Execution started for : Bulk Putaway]]>
            </line>
          </reporter-output>
        </test-method> <!-- feature -->
        <test-method is-config="true" signature="tearDownClass()[pri:0, instance:TestRunner.Runner@4c9f8c13]" started-at="2021-07-23T12:30:35 GMT" name="tearDownClass" finished-at="2021-07-23T12:30:35 GMT" duration-ms="785" status="PASS">
          <reporter-output>
          </reporter-output>
        </test-method> <!-- tearDownClass -->
        <test-method is-config="true" signature="writeExtentReport()[pri:0, instance:TestRunner.Runner@4c9f8c13]" started-at="2021-07-23T12:30:35 GMT" name="writeExtentReport" finished-at="2021-07-23T12:30:35 GMT" duration-ms="25" status="PASS">
          <reporter-output>
          </reporter-output>
        </test-method> <!-- writeExtentReport -->
      </class> <!-- TestRunner.Runner -->
    </test> <!-- Test -->
  </suite> <!-- Suite -->
</testng-results>
