<?xml version="1.0" encoding="UTF-8"?>
<!-- Generated by org.testng.reporters.JUnitReportReporter -->
<testsuite hostname="ociddfl1systemT" failures="0" tests="2" name="TestRunner.Runner" time="2619.489" errors="0" timestamp="2021-07-30T12:32:04 GMT" skipped="0">
  <testcase classname="TestRunner.Runner" name="feature" time="2146.742"/>
  <system-out>
Execution started for : Cancel OLPN - Cancel the OLPN at Printed status (SingleLine Sceanrios) Execution started for : Cancel OLPN - Cancel the OLPN at Weighed status (SingleLine Sceanrios) Execution started for : Cancel OLPN - Cancel the OLPN at Shipped status (SingleLine Sceanrios) Execution started for : Cancel OLPN - Cancel the OLPN at Printed status (MultiLine Sceanrios) Execution started for : Cancel OLPN - Cancel the OLPN at Weighed status (MultiLine Sceanrios)  </system-out>
  <testcase classname="TestRunner.Runner" name="feature" time="472.747"/>
  <system-out>
Execution started for : B-474831 FXL-FFD-CIL-MH_Inventory Control-Base Transactions# 4- Consume iLPN having no lock Execution started for : B-474831 FXL-FFD-CIL-MH_Inventory Control-Base Transactions# 4- Consume iLPN having lock code  </system-out>
</testsuite> <!-- TestRunner.Runner -->
