<?xml version="1.0" encoding="UTF-8"?>
<!-- Generated by org.testng.reporters.JUnitReportReporter -->
<testsuite hostname="ociddfl1systemT" failures="0" tests="2" name="TestRunner.Runner" time="1872.497" errors="0" timestamp="2021-08-17T03:56:48 GMT" skipped="0">
  <testcase classname="TestRunner.Runner" name="feature" time="1140.279"/>
  <system-out>
Execution started for : Distribution Order creation - Single Line LTL LTL LTL Execution started for : Distribution Order creation - Multi Line LTL	FDFE LTLP  </system-out>
  <testcase classname="TestRunner.Runner" name="feature" time="732.218"/>
  <system-out>
Execution started for : Receiving Case : Single Line, Single iLPN Execution started for : Multi Line Receiving- Multi Line, Multiple iLPN  </system-out>
</testsuite> <!-- TestRunner.Runner -->
